<?xml version="1.0" encoding="UTF-8"?>
<testng-results ignored="0" total="1" passed="1" failed="0" skipped="0">
  <reporter-output>
  </reporter-output>
  <suite started-at="2025-01-05T15:33:45 IST" name="DemoTest" finished-at="2025-01-05T15:33:52 IST" duration-ms="6460">
    <groups>
    </groups>
    <test started-at="2025-01-05T15:33:45 IST" name="Test" finished-at="2025-01-05T15:33:52 IST" duration-ms="6460">
      <class name="xlsxDataHandling.ReadAndWriteXlsxData">
        <test-method is-config="true" signature="calldriver()[pri:0, instance:xlsxDataHandling.ReadAndWriteXlsxData@3e8c3cb]" started-at="2025-01-05T15:33:45 IST" name="calldriver" finished-at="2025-01-05T15:33:47 IST" duration-ms="1521" status="PASS">
          <reporter-output>
          </reporter-output>
        </test-method> <!-- calldriver -->
        <test-method signature="tC01()[pri:0, instance:xlsxDataHandling.ReadAndWriteXlsxData@3e8c3cb]" started-at="2025-01-05T15:33:47 IST" name="tC01" finished-at="2025-01-05T15:33:51 IST" duration-ms="4733" status="PASS">
          <reporter-output>
          </reporter-output>
        </test-method> <!-- tC01 -->
        <test-method is-config="true" signature="teardown()[pri:0, instance:xlsxDataHandling.ReadAndWriteXlsxData@3e8c3cb]" started-at="2025-01-05T15:33:51 IST" name="teardown" finished-at="2025-01-05T15:33:52 IST" duration-ms="162" status="PASS">
          <reporter-output>
          </reporter-output>
        </test-method> <!-- teardown -->
      </class> <!-- xlsxDataHandling.ReadAndWriteXlsxData -->
    </test> <!-- Test -->
  </suite> <!-- DemoTest -->
</testng-results>
